<?xml version="1.0" encoding="UTF-8"?>
<!-- Generated by org.testng.reporters.JUnitXMLReporter -->
<testsuite ignored="1" hostname="DESKTOP-87MMOQE" failures="0" tests="2" name="Default test" time="0.038" errors="0" timestamp="2022-09-16T17:30:14 CDT">
  <testcase classname="PackageOne.ClassOne" name="testTwo" time="0.007"/>
  <testcase classname="PackageOne.ClassOne" name="testThree" time="0.001"/>
  <testcase classname="PackageOne.ClassOne" name="testOne" time="0.0">
    <ignored/>
  </testcase> <!-- testOne -->
</testsuite> <!-- Default test -->
