<?xml version="1.0" encoding="UTF-8"?>
<!-- Generated by org.testng.reporters.JUnitXMLReporter -->
<testsuite ignored="0" hostname="DESKTOP-87MMOQE" failures="0" tests="5" name="DemoTestTwo" time="0.011" errors="0" timestamp="2022-09-05T16:36:13 CDT">
  <testcase classname="PackageOne.ClassThree" name="testEight" time="0.001"/>
  <testcase classname="PackageOne.ClassThree" name="testSeven" time="0.001"/>
  <testcase classname="PackageOne.ClassThree" name="testSix" time="0.0"/>
  <testcase classname="PackageTwo.ClassNine" name="testNine" time="0.001"/>
  <testcase classname="PackageTwo.ClassNine" name="testTen" time="0.001"/>
</testsuite> <!-- DemoTestTwo -->
