<?xml version="1.0" encoding="UTF-8"?>
<!-- Generated by org.testng.reporters.JUnitXMLReporter -->
<testsuite ignored="3" hostname="DESKTOP-87MMOQE" failures="0" tests="0" time="0.013" errors="0" timestamp="2022-09-16T17:41:02 CDT">
  <testcase classname="PackageOne.ClassOne" name="testThree" time="0.0">
    <ignored/>
  </testcase> <!-- testThree -->
  <testcase classname="PackageOne.ClassOne" name="testOne" time="0.0">
    <ignored/>
  </testcase> <!-- testOne -->
  <testcase classname="PackageOne.ClassOne" name="testTwo" time="0.0">
    <ignored/>
  </testcase> <!-- testTwo -->
</testsuite>
